c:\users\ruben\source\repos\project4\project4\debug\vc141.pdb
c:\users\ruben\source\repos\project4\project4\debug\vc141.idb
c:\users\ruben\source\repos\project4\project4\debug\ctexturemgr.obj
c:\users\ruben\source\repos\project4\project4\debug\ctexture.obj
c:\users\ruben\source\repos\project4\project4\debug\csprite.obj
c:\users\ruben\source\repos\project4\project4\debug\csoundmgr.obj
c:\users\ruben\source\repos\project4\project4\debug\csound.obj
c:\users\ruben\source\repos\project4\project4\debug\csdl2wndmanager.obj
c:\users\ruben\source\repos\project4\project4\debug\crocket.obj
c:\users\ruben\source\repos\project4\project4\debug\cgamestuver.obj
c:\users\ruben\source\repos\project4\project4\debug\cfontmgr.obj
c:\users\ruben\source\repos\project4\project4\debug\cfont.obj
c:\users\ruben\source\repos\project4\project4\debug\cbuttonmgr.obj
c:\users\ruben\source\repos\project4\project4\debug\cbutton.obj
c:\users\ruben\source\repos\project4\project4\debug\cbulletstuver.obj
c:\users\ruben\source\repos\project4\project4\debug\cbkground.obj
c:\users\ruben\source\repos\project4\project4\debug\casteroid.obj
c:\users\ruben\source\repos\project4\project4\debug\asteroidssdl.obj
c:\users\ruben\source\repos\project4\debug\project4.exe
c:\users\ruben\source\repos\project4\debug\project4.ilk
c:\users\ruben\source\repos\project4\debug\project4.pdb
c:\users\ruben\source\repos\project4\project4\debug\nativecodeanalysis.read.1.tlog
c:\users\ruben\source\repos\project4\project4\debug\cgamestuver.nativecodeanalysis.xml
c:\users\ruben\source\repos\project4\project4\debug\vc.nativecodeanalysis.all.xml
c:\users\ruben\source\repos\project4\debug\project4.exe.lastcodeanalysissucceeded
c:\users\ruben\source\repos\project4\project4\debug\project4.tlog\cl.command.1.tlog
c:\users\ruben\source\repos\project4\project4\debug\project4.tlog\cl.read.1.tlog
c:\users\ruben\source\repos\project4\project4\debug\project4.tlog\cl.write.1.tlog
c:\users\ruben\source\repos\project4\project4\debug\project4.tlog\link.command.1.tlog
c:\users\ruben\source\repos\project4\project4\debug\project4.tlog\link.read.1.tlog
c:\users\ruben\source\repos\project4\project4\debug\project4.tlog\link.write.1.tlog
